<?xml version="1.0" encoding="UTF-8"?>
<testsuite xmlns:xsi="http://www.w3.org/2001/XMLSchema-instance" xsi:noNamespaceSchemaLocation="https://maven.apache.org/surefire/maven-surefire-plugin/xsd/surefire-test-report.xsd" version="3.0.2" name="uts.corte3.Corte3ApplicationTests" time="6.315" tests="1" errors="0" skipped="0" failures="0">
  <properties>
[...]
</properties>
  <testcase name="contextLoads" classname="uts.corte3.Corte3ApplicationTests" time="0.941">
    <system-out><![CDATA[02:49:33.060 [main] INFO org.springframework.test.context.support.AnnotationConfigContextLoaderUtils -- Could not detect default configuration classes for test class [uts.corte3.Corte3ApplicationTests]: Corte3ApplicationTests does not declare any static, non-private, non-final, nested classes annotated with @Configuration.
02:49:33.171 [main] INFO org.springframework.boot.test.context.SpringBootTestContextBootstrapper -- Found @SpringBootConfiguration uts.corte3.Corte3Application for test class uts.corte3.Corte3ApplicationTests
02:49:33.435 [main] INFO org.springframework.boot.devtools.restart.RestartApplicationListener -- Restart disabled due to context in which it is running

  .   ____          _            __ _ _
 /\\ / ___'_ __ _ _(_)_ __  __ _ \ \ \ \
( ( )\___ | '_ | '_| | '_ \/ _` | \ \ \ \
 \\/  ___)| |_)| | | | | || (_| |  ) ) ) )
  '  |____| .__|_| |_|_| |_\__, | / / / /
 =========|_|==============|___/=/_/_/_/

 :: Spring Boot ::                (v3.5.7)

2025-11-29T02:49:33.785-05:00  INFO 9464 --- [corte3] [           main] uts.corte3.Corte3ApplicationTests        : Starting Corte3ApplicationTests using Java 21.0.8 with PID 9464 (started by HAVR in C:\TRABAJOS\ProyectoSTAI-AppEmpresarial)
2025-11-29T02:49:33.786-05:00  INFO 9464 --- [corte3] [           main] uts.corte3.Corte3ApplicationTests        : No active profile set, falling back to 1 default profile: "default"
2025-11-29T02:49:34.437-05:00  INFO 9464 --- [corte3] [           main] .s.d.r.c.RepositoryConfigurationDelegate : Bootstrapping Spring Data MongoDB repositories in DEFAULT mode.
2025-11-29T02:49:34.487-05:00  INFO 9464 --- [corte3] [           main] .s.d.r.c.RepositoryConfigurationDelegate : Finished Spring Data repository scanning in 42 ms. Found 4 MongoDB repository interfaces.
2025-11-29T02:49:34.947-05:00  INFO 9464 --- [corte3] [phg.mongodb.net] org.mongodb.driver.cluster               : Adding discovered server ac-oblbnu0-shard-00-00.qz7sphg.mongodb.net:27017 to client view of cluster
2025-11-29T02:49:34.950-05:00  INFO 9464 --- [corte3] [           main] org.mongodb.driver.client                : MongoClient with metadata {"driver": {"name": "mongo-java-driver|sync|spring-boot", "version": "5.5.2"}, "os": {"type": "Windows", "name": "Windows 11", "architecture": "amd64", "version": "10.0"}, "platform": "Java/Eclipse Adoptium/21.0.8+9-LTS"} created with settings MongoClientSettings{readPreference=primary, writeConcern=WriteConcern{w=null, wTimeout=null ms, journal=null}, retryWrites=true, retryReads=true, readConcern=ReadConcern{level=null}, credential=MongoCredential{mechanism=null, userName='hantoniovr_db_user', source='admin', password=<hidden>, mechanismProperties=<hidden>}, transportSettings=null, commandListeners=[], codecRegistry=ProvidersCodecRegistry{codecProviders=[ValueCodecProvider{}, BsonValueCodecProvider{}, DBRefCodecProvider{}, DBObjectCodecProvider{}, DocumentCodecProvider{}, CollectionCodecProvider{}, IterableCodecProvider{}, MapCodecProvider{}, GeoJsonCodecProvider{}, GridFSFileCodecProvider{}, Jsr310CodecProvider{}, JsonObjectCodecProvider{}, BsonCodecProvider{}, EnumCodecProvider{}, com.mongodb.client.model.mql.ExpressionCodecProvider@4c07d1fc, com.mongodb.Jep395RecordCodecProvider@2eada095, com.mongodb.KotlinCodecProvider@52831a73]}, loggerSettings=LoggerSettings{maxDocumentLength=1000}, clusterSettings={hosts=[127.0.0.1:27017], srvHost=mongohavr.qz7sphg.mongodb.net, srvServiceName=mongodb, mode=MULTIPLE, requiredClusterType=REPLICA_SET, requiredReplicaSetName='atlas-q7pktm-shard-0', serverSelector='null', clusterListeners='[]', serverSelectionTimeout='30000 ms', localThreshold='15 ms'}, socketSettings=SocketSettings{connectTimeoutMS=10000, readTimeoutMS=0, receiveBufferSize=0, proxySettings=ProxySettings{host=null, port=null, username=null, password=null}}, heartbeatSocketSettings=SocketSettings{connectTimeoutMS=10000, readTimeoutMS=10000, receiveBufferSize=0, proxySettings=ProxySettings{host=null, port=null, username=null, password=null}}, connectionPoolSettings=ConnectionPoolSettings{maxSize=100, minSize=0, maxWaitTimeMS=120000, maxConnectionLifeTimeMS=0, maxConnectionIdleTimeMS=0, maintenanceInitialDelayMS=0, maintenanceFrequencyMS=60000, connectionPoolListeners=[], maxConnecting=2}, serverSettings=ServerSettings{heartbeatFrequencyMS=10000, minHeartbeatFrequencyMS=500, serverMonitoringMode=AUTO, serverListeners='[]', serverMonitorListeners='[]'}, sslSettings=SslSettings{enabled=true, invalidHostNameAllowed=false, context=null}, applicationName='null', compressorList=[], uuidRepresentation=JAVA_LEGACY, serverApi=null, autoEncryptionSettings=null, dnsClient=null, inetAddressResolver=null, contextProvider=null, timeoutMS=null}
2025-11-29T02:49:34.979-05:00  INFO 9464 --- [corte3] [phg.mongodb.net] org.mongodb.driver.cluster               : Adding discovered server ac-oblbnu0-shard-00-01.qz7sphg.mongodb.net:27017 to client view of cluster
2025-11-29T02:49:34.981-05:00  INFO 9464 --- [corte3] [phg.mongodb.net] org.mongodb.driver.cluster               : Adding discovered server ac-oblbnu0-shard-00-02.qz7sphg.mongodb.net:27017 to client view of cluster
2025-11-29T02:49:35.348-05:00  INFO 9464 --- [corte3] [           main] org.mongodb.driver.cluster               : Waiting for server to become available for operation with ID 5. Remaining time: 29990 ms. Selector: ReadPreferenceServerSelector{readPreference=primary}, topology description: {type=REPLICA_SET, servers=[{address=ac-oblbnu0-shard-00-01.qz7sphg.mongodb.net:27017, type=UNKNOWN, state=CONNECTING}, {address=ac-oblbnu0-shard-00-02.qz7sphg.mongodb.net:27017, type=UNKNOWN, state=CONNECTING}, {address=ac-oblbnu0-shard-00-00.qz7sphg.mongodb.net:27017, type=UNKNOWN, state=CONNECTING}].
2025-11-29T02:49:35.725-05:00  INFO 9464 --- [corte3] [ngodb.net:27017] org.mongodb.driver.cluster               : Monitor thread successfully connected to server with description ServerDescription{address=ac-oblbnu0-shard-00-02.qz7sphg.mongodb.net:27017, type=REPLICA_SET_PRIMARY, cryptd=false, state=CONNECTED, ok=true, minWireVersion=0, maxWireVersion=25, maxDocumentSize=16777216, logicalSessionTimeoutMinutes=30, roundTripTimeNanos=443550900, minRoundTripTimeNanos=0, setName='atlas-q7pktm-shard-0', canonicalAddress=ac-oblbnu0-shard-00-02.qz7sphg.mongodb.net:27017, hosts=[ac-oblbnu0-shard-00-00.qz7sphg.mongodb.net:27017, ac-oblbnu0-shard-00-01.qz7sphg.mongodb.net:27017, ac-oblbnu0-shard-00-02.qz7sphg.mongodb.net:27017], passives=[], arbiters=[], primary='ac-oblbnu0-shard-00-02.qz7sphg.mongodb.net:27017', tagSet=TagSet{[Tag{name='availabilityZone', value='us-central1-f'}, Tag{name='diskState', value='READY'}, Tag{name='nodeType', value='ELECTABLE'}, Tag{name='provider', value='GCP'}, Tag{name='region', value='CENTRAL_US'}, Tag{name='workloadType', value='OPERATIONAL'}]}, electionId=7fffffff00000000000003c9, setVersion=316, topologyVersion=TopologyVersion{processId=691c8ffc5c91cdbf52f4af80, counter=6}, lastWriteDate=Sat Nov 29 02:49:33 COT 2025, lastUpdateTimeNanos=598273935816900}
2025-11-29T02:49:35.725-05:00  INFO 9464 --- [corte3] [ngodb.net:27017] org.mongodb.driver.cluster               : Monitor thread successfully connected to server with description ServerDescription{address=ac-oblbnu0-shard-00-01.qz7sphg.mongodb.net:27017, type=REPLICA_SET_SECONDARY, cryptd=false, state=CONNECTED, ok=true, minWireVersion=0, maxWireVersion=25, maxDocumentSize=16777216, logicalSessionTimeoutMinutes=30, roundTripTimeNanos=443872500, minRoundTripTimeNanos=0, setName='atlas-q7pktm-shard-0', canonicalAddress=ac-oblbnu0-shard-00-01.qz7sphg.mongodb.net:27017, hosts=[ac-oblbnu0-shard-00-00.qz7sphg.mongodb.net:27017, ac-oblbnu0-shard-00-01.qz7sphg.mongodb.net:27017, ac-oblbnu0-shard-00-02.qz7sphg.mongodb.net:27017], passives=[], arbiters=[], primary='ac-oblbnu0-shard-00-02.qz7sphg.mongodb.net:27017', tagSet=TagSet{[Tag{name='availabilityZone', value='us-central1-c'}, Tag{name='diskState', value='READY'}, Tag{name='nodeType', value='ELECTABLE'}, Tag{name='provider', value='GCP'}, Tag{name='region', value='CENTRAL_US'}, Tag{name='workloadType', value='OPERATIONAL'}]}, electionId=null, setVersion=316, topologyVersion=TopologyVersion{processId=691c930c54d652b2e4cac2a2, counter=3}, lastWriteDate=Sat Nov 29 02:49:33 COT 2025, lastUpdateTimeNanos=598273936129800}
2025-11-29T02:49:35.725-05:00  INFO 9464 --- [corte3] [ngodb.net:27017] org.mongodb.driver.cluster               : Monitor thread successfully connected to server with description ServerDescription{address=ac-oblbnu0-shard-00-00.qz7sphg.mongodb.net:27017, type=REPLICA_SET_SECONDARY, cryptd=false, state=CONNECTED, ok=true, minWireVersion=0, maxWireVersion=25, maxDocumentSize=16777216, logicalSessionTimeoutMinutes=30, roundTripTimeNanos=444110300, minRoundTripTimeNanos=0, setName='atlas-q7pktm-shard-0', canonicalAddress=ac-oblbnu0-shard-00-00.qz7sphg.mongodb.net:27017, hosts=[ac-oblbnu0-shard-00-00.qz7sphg.mongodb.net:27017, ac-oblbnu0-shard-00-01.qz7sphg.mongodb.net:27017, ac-oblbnu0-shard-00-02.qz7sphg.mongodb.net:27017], passives=[], arbiters=[], primary='ac-oblbnu0-shard-00-02.qz7sphg.mongodb.net:27017', tagSet=TagSet{[Tag{name='availabilityZone', value='us-central1-b'}, Tag{name='diskState', value='READY'}, Tag{name='nodeType', value='ELECTABLE'}, Tag{name='provider', value='GCP'}, Tag{name='region', value='CENTRAL_US'}, Tag{name='workloadType', value='OPERATIONAL'}]}, electionId=null, setVersion=316, topologyVersion=TopologyVersion{processId=691c8d91826526213f625f61, counter=5}, lastWriteDate=Sat Nov 29 02:49:33 COT 2025, lastUpdateTimeNanos=598273936129700}
2025-11-29T02:49:35.728-05:00  INFO 9464 --- [corte3] [ngodb.net:27017] org.mongodb.driver.cluster               : Discovered replica set primary ac-oblbnu0-shard-00-02.qz7sphg.mongodb.net:27017 with max election id 7fffffff00000000000003c9 and max set version 316
2025-11-29T02:49:37.322-05:00  INFO 9464 --- [corte3] [           main] eAuthenticationProviderManagerConfigurer : Global AuthenticationManager configured with AuthenticationProvider bean with name authProvider
2025-11-29T02:49:37.323-05:00  WARN 9464 --- [corte3] [           main] r$InitializeUserDetailsManagerConfigurer : Global AuthenticationManager configured with an AuthenticationProvider bean. UserDetailsService beans will not be used by Spring Security for automatically configuring username/password login. Consider removing the AuthenticationProvider bean. Alternatively, consider using the UserDetailsService in a manually instantiated DaoAuthenticationProvider. If the current configuration is intentional, to turn off this warning, increase the logging level of 'org.springframework.security.config.annotation.authentication.configuration.InitializeUserDetailsBeanManagerConfigurer' to ERROR
2025-11-29T02:49:38.146-05:00  INFO 9464 --- [corte3] [           main] uts.corte3.Corte3ApplicationTests        : Started Corte3ApplicationTests in 4.724 seconds (process running for 6.434)
]]></system-out>
    <system-err><![CDATA[Mockito is currently self-attaching to enable the inline-mock-maker. This will no longer work in future releases of the JDK. Please add Mockito as an agent to your build as described in Mockito's documentation: https://javadoc.io/doc/org.mockito/mockito-core/latest/org.mockito/org/mockito/Mockito.html#0.3
WARNING: A Java agent has been loaded dynamically (C:\Users\HAVR\.m2\repository\net\bytebuddy\byte-buddy-agent\1.17.8\byte-buddy-agent-1.17.8.jar)
WARNING: If a serviceability tool is in use, please run with -XX:+EnableDynamicAgentLoading to hide this warning
WARNING: If a serviceability tool is not in use, please run with -Djdk.instrument.traceUsage for more information
WARNING: Dynamic loading of agents will be disallowed by default in a future release
]]></system-err>
  </testcase>
</testsuite>